<?xml version="1.0" encoding="UTF-8"?>
<!-- Generated by org.testng.reporters.JUnitReportReporter -->
<testsuite hostname="LAPTOP-MADV1S5R" name="qa.maven.AppiumTest" tests="2" failures="0" timestamp="24 May 2021 19:23:28 GMT" time="0.007" errors="0">
  <testcase name="IOSautomation" time="0.001" classname="qa.maven.AppiumTest"/>
  <testcase name="AndriodAutomation" time="0.006" classname="qa.maven.AppiumTest"/>
</testsuite> <!-- qa.maven.AppiumTest -->
