<?xml version="1.0" encoding="UTF-8"?>
<!-- Generated by org.testng.reporters.JUnitReportReporter -->
<testsuite hostname="LAPTOP-MADV1S5R" name="qa.maven.RESTAPITest" tests="2" failures="0" timestamp="24 May 2021 19:00:31 GMT" time="0.000" errors="0">
  <testcase name="PostCall" time="0.000" classname="qa.maven.RESTAPITest"/>
  <testcase name="GetCall" time="0.000" classname="qa.maven.RESTAPITest"/>
</testsuite> <!-- qa.maven.RESTAPITest -->
