<?xml version="1.0" encoding="UTF-8"?>
<!-- Generated by org.testng.reporters.JUnitReportReporter -->
<testsuite hostname="LAPTOP-MADV1S5R" name="qa.maven.SeleniumTest" tests="2" failures="0" timestamp="24 May 2021 19:23:28 GMT" time="0.001" errors="0">
  <testcase name="BrowserAutomation" time="0.001" classname="qa.maven.SeleniumTest"/>
  <testcase name="Elements" time="0.000" classname="qa.maven.SeleniumTest"/>
</testsuite> <!-- qa.maven.SeleniumTest -->
